[debug] [2022-01-04T07:01:05.587Z] ----------------------------------------------------------------------
[debug] [2022-01-04T07:01:05.589Z] Command:       /usr/local/bin/node /usr/local/bin/firebase deploy
[debug] [2022-01-04T07:01:05.589Z] CLI Version:   9.11.0
[debug] [2022-01-04T07:01:05.589Z] Platform:      darwin
[debug] [2022-01-04T07:01:05.590Z] Node Version:  v12.16.3
[debug] [2022-01-04T07:01:05.590Z] Time:          Tue Jan 04 2022 12:31:05 GMT+0530 (India Standard Time)
[debug] [2022-01-04T07:01:05.590Z] ----------------------------------------------------------------------
[debug] 
[debug] [2022-01-04T07:01:05.607Z] > command requires scopes: ["email","openid","https://www.googleapis.com/auth/cloudplatformprojects.readonly","https://www.googleapis.com/auth/firebase","https://www.googleapis.com/auth/cloud-platform"]
[debug] [2022-01-04T07:01:05.607Z] > authorizing via signed-in user (makkardeepansh@gmail.com)
[debug] [2022-01-04T07:01:05.608Z] [iam] checking project levance-94752 for permissions ["firebase.projects.get","firebasehosting.sites.update"]
[debug] [2022-01-04T07:01:05.610Z] >>> HTTP REQUEST POST https://cloudresourcemanager.googleapis.com/v1/projects/levance-94752:testIamPermissions  
 {"permissions":["firebase.projects.get","firebasehosting.sites.update"]}
[debug] [2022-01-04T07:01:07.369Z] <<< HTTP RESPONSE 200 {"content-type":"application/json; charset=UTF-8","vary":"X-Origin, Referer, Origin,Accept-Encoding","date":"Tue, 04 Jan 2022 07:01:07 GMT","server":"ESF","cache-control":"private","x-xss-protection":"0","x-frame-options":"SAMEORIGIN","x-content-type-options":"nosniff","server-timing":"gfet4t7; dur=1504","alt-svc":"h3=\":443\"; ma=2592000,h3-29=\":443\"; ma=2592000,h3-Q050=\":443\"; ma=2592000,h3-Q046=\":443\"; ma=2592000,h3-Q043=\":443\"; ma=2592000,quic=\":443\"; ma=2592000; v=\"46,43\"","accept-ranges":"none","transfer-encoding":"chunked"}
[debug] [2022-01-04T07:01:07.371Z] [iam] error while checking permissions, command may fail: FirebaseError: Authorization failed. This account is missing the following required permissions on project levance-94752:

  firebase.projects.get
  firebasehosting.sites.update
[debug] [2022-01-04T07:01:07.374Z] > refreshing access token with scopes: []
[debug] [2022-01-04T07:01:07.374Z] >>> HTTP REQUEST POST https://www.googleapis.com/oauth2/v3/token  
 <request body omitted>
[debug] [2022-01-04T07:01:07.567Z] <<< HTTP RESPONSE 200 {"date":"Tue, 04 Jan 2022 07:01:07 GMT","pragma":"no-cache","expires":"Mon, 01 Jan 1990 00:00:00 GMT","cache-control":"no-cache, no-store, max-age=0, must-revalidate","content-type":"application/json; charset=utf-8","vary":"X-Origin, Referer, Origin,Accept-Encoding","server":"scaffolding on HTTPServer2","x-xss-protection":"0","x-frame-options":"SAMEORIGIN","x-content-type-options":"nosniff","alt-svc":"h3=\":443\"; ma=2592000,h3-29=\":443\"; ma=2592000,h3-Q050=\":443\"; ma=2592000,h3-Q046=\":443\"; ma=2592000,h3-Q043=\":443\"; ma=2592000,quic=\":443\"; ma=2592000; v=\"46,43\"","accept-ranges":"none","transfer-encoding":"chunked"}
[debug] [2022-01-04T07:01:07.628Z] >>> [apiv2][query] GET https://firebase.googleapis.com/v1beta1/projects/levance-94752 [none]
[debug] [2022-01-04T07:01:08.138Z] <<< [apiv2][status] GET https://firebase.googleapis.com/v1beta1/projects/levance-94752 403
[debug] [2022-01-04T07:01:08.138Z] <<< [apiv2][body] GET https://firebase.googleapis.com/v1beta1/projects/levance-94752 {"error":{"code":403,"message":"The caller does not have permission","status":"PERMISSION_DENIED"}}
[debug] [2022-01-04T07:01:08.139Z] HTTP Error: 403, The caller does not have permission
[debug] [2022-01-04T07:01:08.333Z] FirebaseError: HTTP Error: 403, The caller does not have permission
    at module.exports (/usr/local/lib/node_modules/firebase-tools/lib/responseToError.js:38:12)
    at Client.doRequest (/usr/local/lib/node_modules/firebase-tools/lib/apiv2.js:238:23)
    at processTicksAndRejections (internal/process/task_queues.js:97:5)
    at async Client.request (/usr/local/lib/node_modules/firebase-tools/lib/apiv2.js:96:20)
    at async Object.getFirebaseProject (/usr/local/lib/node_modules/firebase-tools/lib/management/projects.js:290:21)
    at async Object.getDefaultHostingSite (/usr/local/lib/node_modules/firebase-tools/lib/getDefaultHostingSite.js:8:21)
    at async requireHostingSite (/usr/local/lib/node_modules/firebase-tools/lib/requireHostingSite.js:9:18)
    at async Object.fn (/usr/local/lib/node_modules/firebase-tools/lib/commands/deploy.js:66:9)
    at async /usr/local/lib/node_modules/firebase-tools/lib/command.js:169:17
[error] 
[error] Error: Failed to get Firebase project levance-94752. Please make sure the project exists and your account has permission to access it.
